  [1m[36m (32.0ms)[0m  [1mCREATE TABLE "schema_migrations" ("version" character varying NOT NULL) [0m
  [1m[35m (1.8ms)[0m  CREATE UNIQUE INDEX  "unique_schema_migrations" ON "schema_migrations"  ("version")
  [1m[36mActiveRecord::SchemaMigration Load (0.4ms)[0m  [1mSELECT "schema_migrations".* FROM "schema_migrations"[0m
Migrating to CreateUsers (20130126215239)
  [1m[35m (0.3ms)[0m  BEGIN
  [1m[36m (25.9ms)[0m  [1mCREATE TABLE "users" ("id" serial primary key, "email" character varying, "referral_code" character varying, "referrer_id" integer, "created_at" timestamp NOT NULL, "updated_at" timestamp NOT NULL) [0m
  [1m[35mSQL (1.2ms)[0m  INSERT INTO "schema_migrations" ("version") VALUES ($1)  [["version", "20130126215239"]]
  [1m[36m (5.6ms)[0m  [1mCOMMIT[0m
Migrating to DeviseCreateAdminUsers (20130127063936)
  [1m[35m (6.0ms)[0m  BEGIN
  [1m[36m (9.1ms)[0m  [1mCREATE TABLE "admin_users" ("id" serial primary key, "email" character varying DEFAULT '' NOT NULL, "encrypted_password" character varying DEFAULT '' NOT NULL, "reset_password_token" character varying, "reset_password_sent_at" timestamp, "remember_created_at" timestamp, "sign_in_count" integer DEFAULT 0, "current_sign_in_at" timestamp, "last_sign_in_at" timestamp, "current_sign_in_ip" character varying, "last_sign_in_ip" character varying, "created_at" timestamp NOT NULL, "updated_at" timestamp NOT NULL) [0m
  [1m[35m (0.9ms)[0m  CREATE UNIQUE INDEX  "index_admin_users_on_email" ON "admin_users"  ("email")
  [1m[36m (0.8ms)[0m  [1mCREATE UNIQUE INDEX  "index_admin_users_on_reset_password_token" ON "admin_users"  ("reset_password_token")[0m
  [1m[35mAdminUser Exists (1.0ms)[0m  SELECT  1 AS one FROM "admin_users" WHERE "admin_users"."email" = 'tech@harrys.com' LIMIT 1
  [1m[36mSQL (13.4ms)[0m  [1mINSERT INTO "admin_users" ("email", "encrypted_password", "created_at", "updated_at") VALUES ($1, $2, $3, $4) RETURNING "id"[0m  [["email", "tech@harrys.com"], ["encrypted_password", "$2a$10$Q4FG5QQpwrvKBKCzAqjz3.hMhdcwyWms6nGEVjKhfzsBAJAYjKRzG"], ["created_at", "2017-05-22 13:25:41.581071"], ["updated_at", "2017-05-22 13:25:41.581071"]]
  [1m[35mSQL (0.3ms)[0m  INSERT INTO "schema_migrations" ("version") VALUES ($1)  [["version", "20130127063936"]]
  [1m[36m (5.2ms)[0m  [1mCOMMIT[0m
Migrating to CreateAdminNotes (20130127063939)
  [1m[35m (0.9ms)[0m  BEGIN
  [1m[36m (4.8ms)[0m  [1mCREATE TABLE "admin_notes" ("id" serial primary key, "resource_id" character varying NOT NULL, "resource_type" character varying NOT NULL, "admin_user_id" integer, "admin_user_type" character varying, "body" text, "created_at" timestamp NOT NULL, "updated_at" timestamp NOT NULL) [0m
  [1m[35m (1.1ms)[0m  CREATE  INDEX  "index_admin_notes_on_resource_type_and_resource_id" ON "admin_notes"  ("resource_type", "resource_id")
  [1m[36m (0.9ms)[0m  [1mCREATE  INDEX  "index_admin_notes_on_admin_user_type_and_admin_user_id" ON "admin_notes"  ("admin_user_type", "admin_user_id")[0m
  [1m[35mSQL (0.2ms)[0m  INSERT INTO "schema_migrations" ("version") VALUES ($1)  [["version", "20130127063939"]]
  [1m[36m (0.4ms)[0m  [1mCOMMIT[0m
Migrating to MoveAdminNotesToComments (20130127063940)
  [1m[35m (0.3ms)[0m  BEGIN
  [1m[36m (1.0ms)[0m  [1mDROP INDEX "index_admin_notes_on_admin_user_type_and_admin_user_id"[0m
  [1m[35m (0.6ms)[0m  ALTER TABLE "admin_notes" RENAME TO "active_admin_comments"
  [1m[36m (0.3ms)[0m  [1mALTER TABLE "public"."admin_notes_id_seq" RENAME TO "active_admin_comments_id_seq"[0m
  [1m[35m (0.3ms)[0m  ALTER INDEX "admin_notes_pkey" RENAME TO "active_admin_comments_pkey"
  [1m[36m (0.3ms)[0m  [1mALTER INDEX "index_admin_notes_on_resource_type_and_resource_id" RENAME TO "index_active_admin_comments_on_resource_type_and_resource_id"[0m
  [1m[35m (0.4ms)[0m  ALTER TABLE "active_admin_comments" RENAME COLUMN "admin_user_type" TO "author_type"
  [1m[36m (0.2ms)[0m  [1mALTER TABLE "active_admin_comments" RENAME COLUMN "admin_user_id" TO "author_id"[0m
  [1m[35m (0.8ms)[0m  ALTER TABLE "active_admin_comments" ADD "namespace" character varying
  [1m[36m (1.0ms)[0m  [1mCREATE  INDEX  "index_active_admin_comments_on_namespace" ON "active_admin_comments"  ("namespace")[0m
  [1m[35m (0.7ms)[0m  CREATE  INDEX  "index_active_admin_comments_on_author_type_and_author_id" ON "active_admin_comments"  ("author_type", "author_id")
  [1m[36m (0.4ms)[0m  [1mUPDATE active_admin_comments SET namespace='admin'[0m
  [1m[35mSQL (0.2ms)[0m  INSERT INTO "schema_migrations" ("version") VALUES ($1)  [["version", "20130127063940"]]
  [1m[36m (1.3ms)[0m  [1mCOMMIT[0m
Migrating to CreateDelayedJobs (20130227185712)
  [1m[35m (0.2ms)[0m  BEGIN
  [1m[36m (4.1ms)[0m  [1mCREATE TABLE "delayed_jobs" ("id" serial primary key, "priority" integer DEFAULT 0, "attempts" integer DEFAULT 0, "handler" text, "last_error" text, "run_at" timestamp, "locked_at" timestamp, "failed_at" timestamp, "locked_by" character varying, "queue" character varying, "created_at" timestamp NOT NULL, "updated_at" timestamp NOT NULL) [0m
  [1m[35m (1.3ms)[0m  CREATE  INDEX  "delayed_jobs_priority" ON "delayed_jobs"  ("priority", "run_at")
  [1m[36mSQL (0.2ms)[0m  [1mINSERT INTO "schema_migrations" ("version") VALUES ($1)[0m  [["version", "20130227185712"]]
  [1m[35m (0.4ms)[0m  COMMIT
Migrating to CreateIpAddresses (20130312045541)
  [1m[36m (0.3ms)[0m  [1mBEGIN[0m
  [1m[35m (3.2ms)[0m  CREATE TABLE "ip_addresses" ("id" serial primary key, "address" character varying, "count" integer, "created_at" timestamp NOT NULL, "updated_at" timestamp NOT NULL) 
  [1m[36mSQL (0.2ms)[0m  [1mINSERT INTO "schema_migrations" ("version") VALUES ($1)[0m  [["version", "20130312045541"]]
  [1m[35m (0.3ms)[0m  COMMIT
  [1m[36mActiveRecord::SchemaMigration Load (6.6ms)[0m  [1mSELECT "schema_migrations".* FROM "schema_migrations"[0m
  [1m[35m (3.5ms)[0m  SELECT t2.oid::regclass::text AS to_table, a1.attname AS column, a2.attname AS primary_key, c.conname AS name, c.confupdtype AS on_update, c.confdeltype AS on_delete
FROM pg_constraint c
JOIN pg_class t1 ON c.conrelid = t1.oid
JOIN pg_class t2 ON c.confrelid = t2.oid
JOIN pg_attribute a1 ON a1.attnum = c.conkey[1] AND a1.attrelid = t1.oid
JOIN pg_attribute a2 ON a2.attnum = c.confkey[1] AND a2.attrelid = t2.oid
JOIN pg_namespace t3 ON c.connamespace = t3.oid
WHERE c.contype = 'f'
  AND t1.relname = 'active_admin_comments'
  AND t3.nspname = ANY (current_schemas(false))
ORDER BY c.conname

  [1m[36m (3.3ms)[0m  [1mSELECT t2.oid::regclass::text AS to_table, a1.attname AS column, a2.attname AS primary_key, c.conname AS name, c.confupdtype AS on_update, c.confdeltype AS on_delete
FROM pg_constraint c
JOIN pg_class t1 ON c.conrelid = t1.oid
JOIN pg_class t2 ON c.confrelid = t2.oid
JOIN pg_attribute a1 ON a1.attnum = c.conkey[1] AND a1.attrelid = t1.oid
JOIN pg_attribute a2 ON a2.attnum = c.confkey[1] AND a2.attrelid = t2.oid
JOIN pg_namespace t3 ON c.connamespace = t3.oid
WHERE c.contype = 'f'
  AND t1.relname = 'admin_users'
  AND t3.nspname = ANY (current_schemas(false))
ORDER BY c.conname
[0m
  [1m[35m (4.2ms)[0m  SELECT t2.oid::regclass::text AS to_table, a1.attname AS column, a2.attname AS primary_key, c.conname AS name, c.confupdtype AS on_update, c.confdeltype AS on_delete
FROM pg_constraint c
JOIN pg_class t1 ON c.conrelid = t1.oid
JOIN pg_class t2 ON c.confrelid = t2.oid
JOIN pg_attribute a1 ON a1.attnum = c.conkey[1] AND a1.attrelid = t1.oid
JOIN pg_attribute a2 ON a2.attnum = c.confkey[1] AND a2.attrelid = t2.oid
JOIN pg_namespace t3 ON c.connamespace = t3.oid
WHERE c.contype = 'f'
  AND t1.relname = 'delayed_jobs'
  AND t3.nspname = ANY (current_schemas(false))
ORDER BY c.conname

  [1m[36m (3.5ms)[0m  [1mSELECT t2.oid::regclass::text AS to_table, a1.attname AS column, a2.attname AS primary_key, c.conname AS name, c.confupdtype AS on_update, c.confdeltype AS on_delete
FROM pg_constraint c
JOIN pg_class t1 ON c.conrelid = t1.oid
JOIN pg_class t2 ON c.confrelid = t2.oid
JOIN pg_attribute a1 ON a1.attnum = c.conkey[1] AND a1.attrelid = t1.oid
JOIN pg_attribute a2 ON a2.attnum = c.confkey[1] AND a2.attrelid = t2.oid
JOIN pg_namespace t3 ON c.connamespace = t3.oid
WHERE c.contype = 'f'
  AND t1.relname = 'ip_addresses'
  AND t3.nspname = ANY (current_schemas(false))
ORDER BY c.conname
[0m
  [1m[35m (2.9ms)[0m  SELECT t2.oid::regclass::text AS to_table, a1.attname AS column, a2.attname AS primary_key, c.conname AS name, c.confupdtype AS on_update, c.confdeltype AS on_delete
FROM pg_constraint c
JOIN pg_class t1 ON c.conrelid = t1.oid
JOIN pg_class t2 ON c.confrelid = t2.oid
JOIN pg_attribute a1 ON a1.attnum = c.conkey[1] AND a1.attrelid = t1.oid
JOIN pg_attribute a2 ON a2.attnum = c.confkey[1] AND a2.attrelid = t2.oid
JOIN pg_namespace t3 ON c.connamespace = t3.oid
WHERE c.contype = 'f'
  AND t1.relname = 'users'
  AND t3.nspname = ANY (current_schemas(false))
ORDER BY c.conname

2017-05-22T09:25:59-0400: [Worker(host:Lelands-MBP.attlocal.net pid:35934)] Starting job worker
  [1m[36mDelayed::Backend::ActiveRecord::Job Load (2.2ms)[0m  [1mUPDATE "delayed_jobs" SET locked_at = '2017-05-22 13:25:59.564670', locked_by = 'host:Lelands-MBP.attlocal.net pid:35934' WHERE id IN (SELECT  "delayed_jobs"."id" FROM "delayed_jobs" WHERE ((run_at <= '2017-05-22 13:25:59.546659' AND (locked_at IS NULL OR locked_at < '2017-05-22 09:25:59.546678') OR locked_by = 'host:Lelands-MBP.attlocal.net pid:35934') AND failed_at IS NULL)  ORDER BY priority ASC, run_at ASC LIMIT 1 FOR UPDATE) RETURNING *[0m
  [1m[35mDelayed::Backend::ActiveRecord::Job Load (0.9ms)[0m  UPDATE "delayed_jobs" SET locked_at = '2017-05-22 13:26:04.616633', locked_by = 'host:Lelands-MBP.attlocal.net pid:35934' WHERE id IN (SELECT  "delayed_jobs"."id" FROM "delayed_jobs" WHERE ((run_at <= '2017-05-22 13:26:04.615948' AND (locked_at IS NULL OR locked_at < '2017-05-22 09:26:04.615970') OR locked_by = 'host:Lelands-MBP.attlocal.net pid:35934') AND failed_at IS NULL)  ORDER BY priority ASC, run_at ASC LIMIT 1 FOR UPDATE) RETURNING *
  [1m[36mDelayed::Backend::ActiveRecord::Job Load (0.8ms)[0m  [1mUPDATE "delayed_jobs" SET locked_at = '2017-05-22 13:26:09.666537', locked_by = 'host:Lelands-MBP.attlocal.net pid:35934' WHERE id IN (SELECT  "delayed_jobs"."id" FROM "delayed_jobs" WHERE ((run_at <= '2017-05-22 13:26:09.665871' AND (locked_at IS NULL OR locked_at < '2017-05-22 09:26:09.665888') OR locked_by = 'host:Lelands-MBP.attlocal.net pid:35934') AND failed_at IS NULL)  ORDER BY priority ASC, run_at ASC LIMIT 1 FOR UPDATE) RETURNING *[0m
  [1m[35mDelayed::Backend::ActiveRecord::Job Load (0.8ms)[0m  UPDATE "delayed_jobs" SET locked_at = '2017-05-22 13:26:14.718202', locked_by = 'host:Lelands-MBP.attlocal.net pid:35934' WHERE id IN (SELECT  "delayed_jobs"."id" FROM "delayed_jobs" WHERE ((run_at <= '2017-05-22 13:26:14.717529' AND (locked_at IS NULL OR locked_at < '2017-05-22 09:26:14.717548') OR locked_by = 'host:Lelands-MBP.attlocal.net pid:35934') AND failed_at IS NULL)  ORDER BY priority ASC, run_at ASC LIMIT 1 FOR UPDATE) RETURNING *
  [1m[36mDelayed::Backend::ActiveRecord::Job Load (1.1ms)[0m  [1mUPDATE "delayed_jobs" SET locked_at = '2017-05-22 13:26:19.772282', locked_by = 'host:Lelands-MBP.attlocal.net pid:35934' WHERE id IN (SELECT  "delayed_jobs"."id" FROM "delayed_jobs" WHERE ((run_at <= '2017-05-22 13:26:19.771577' AND (locked_at IS NULL OR locked_at < '2017-05-22 09:26:19.771598') OR locked_by = 'host:Lelands-MBP.attlocal.net pid:35934') AND failed_at IS NULL)  ORDER BY priority ASC, run_at ASC LIMIT 1 FOR UPDATE) RETURNING *[0m
  [1m[35mDelayed::Backend::ActiveRecord::Job Load (0.9ms)[0m  UPDATE "delayed_jobs" SET locked_at = '2017-05-22 13:26:24.820423', locked_by = 'host:Lelands-MBP.attlocal.net pid:35934' WHERE id IN (SELECT  "delayed_jobs"."id" FROM "delayed_jobs" WHERE ((run_at <= '2017-05-22 13:26:24.819798' AND (locked_at IS NULL OR locked_at < '2017-05-22 09:26:24.819818') OR locked_by = 'host:Lelands-MBP.attlocal.net pid:35934') AND failed_at IS NULL)  ORDER BY priority ASC, run_at ASC LIMIT 1 FOR UPDATE) RETURNING *
Processing by UsersController#new as HTML
  Rendered users/_campaign_ongoing.html.erb (6.2ms)
  Rendered users/new.html.erb within layouts/application (11.8ms)
Completed 200 OK in 65ms (Views: 39.7ms | ActiveRecord: 5.7ms)
  [1m[36mDelayed::Backend::ActiveRecord::Job Load (0.8ms)[0m  [1mUPDATE "delayed_jobs" SET locked_at = '2017-05-22 13:26:29.872500', locked_by = 'host:Lelands-MBP.attlocal.net pid:35934' WHERE id IN (SELECT  "delayed_jobs"."id" FROM "delayed_jobs" WHERE ((run_at <= '2017-05-22 13:26:29.871678' AND (locked_at IS NULL OR locked_at < '2017-05-22 09:26:29.871744') OR locked_by = 'host:Lelands-MBP.attlocal.net pid:35934') AND failed_at IS NULL)  ORDER BY priority ASC, run_at ASC LIMIT 1 FOR UPDATE) RETURNING *[0m
  [1m[35mDelayed::Backend::ActiveRecord::Job Load (0.8ms)[0m  UPDATE "delayed_jobs" SET locked_at = '2017-05-22 13:26:34.920616', locked_by = 'host:Lelands-MBP.attlocal.net pid:35934' WHERE id IN (SELECT  "delayed_jobs"."id" FROM "delayed_jobs" WHERE ((run_at <= '2017-05-22 13:26:34.919943' AND (locked_at IS NULL OR locked_at < '2017-05-22 09:26:34.919964') OR locked_by = 'host:Lelands-MBP.attlocal.net pid:35934') AND failed_at IS NULL)  ORDER BY priority ASC, run_at ASC LIMIT 1 FOR UPDATE) RETURNING *
  [1m[36mDelayed::Backend::ActiveRecord::Job Load (0.8ms)[0m  [1mUPDATE "delayed_jobs" SET locked_at = '2017-05-22 13:26:39.971970', locked_by = 'host:Lelands-MBP.attlocal.net pid:35934' WHERE id IN (SELECT  "delayed_jobs"."id" FROM "delayed_jobs" WHERE ((run_at <= '2017-05-22 13:26:39.971284' AND (locked_at IS NULL OR locked_at < '2017-05-22 09:26:39.971302') OR locked_by = 'host:Lelands-MBP.attlocal.net pid:35934') AND failed_at IS NULL)  ORDER BY priority ASC, run_at ASC LIMIT 1 FOR UPDATE) RETURNING *[0m
  [1m[35mDelayed::Backend::ActiveRecord::Job Load (0.8ms)[0m  UPDATE "delayed_jobs" SET locked_at = '2017-05-22 13:26:45.031121', locked_by = 'host:Lelands-MBP.attlocal.net pid:35934' WHERE id IN (SELECT  "delayed_jobs"."id" FROM "delayed_jobs" WHERE ((run_at <= '2017-05-22 13:26:45.030404' AND (locked_at IS NULL OR locked_at < '2017-05-22 09:26:45.030425') OR locked_by = 'host:Lelands-MBP.attlocal.net pid:35934') AND failed_at IS NULL)  ORDER BY priority ASC, run_at ASC LIMIT 1 FOR UPDATE) RETURNING *
  [1m[36mDelayed::Backend::ActiveRecord::Job Load (0.9ms)[0m  [1mUPDATE "delayed_jobs" SET locked_at = '2017-05-22 13:26:50.092536', locked_by = 'host:Lelands-MBP.attlocal.net pid:35934' WHERE id IN (SELECT  "delayed_jobs"."id" FROM "delayed_jobs" WHERE ((run_at <= '2017-05-22 13:26:50.091832' AND (locked_at IS NULL OR locked_at < '2017-05-22 09:26:50.091855') OR locked_by = 'host:Lelands-MBP.attlocal.net pid:35934') AND failed_at IS NULL)  ORDER BY priority ASC, run_at ASC LIMIT 1 FOR UPDATE) RETURNING *[0m
  [1m[35mDelayed::Backend::ActiveRecord::Job Load (0.9ms)[0m  UPDATE "delayed_jobs" SET locked_at = '2017-05-22 13:26:55.150946', locked_by = 'host:Lelands-MBP.attlocal.net pid:35934' WHERE id IN (SELECT  "delayed_jobs"."id" FROM "delayed_jobs" WHERE ((run_at <= '2017-05-22 13:26:55.150256' AND (locked_at IS NULL OR locked_at < '2017-05-22 09:26:55.150276') OR locked_by = 'host:Lelands-MBP.attlocal.net pid:35934') AND failed_at IS NULL)  ORDER BY priority ASC, run_at ASC LIMIT 1 FOR UPDATE) RETURNING *
  [1m[36mDelayed::Backend::ActiveRecord::Job Load (0.8ms)[0m  [1mUPDATE "delayed_jobs" SET locked_at = '2017-05-22 13:27:00.228981', locked_by = 'host:Lelands-MBP.attlocal.net pid:35934' WHERE id IN (SELECT  "delayed_jobs"."id" FROM "delayed_jobs" WHERE ((run_at <= '2017-05-22 13:27:00.228305' AND (locked_at IS NULL OR locked_at < '2017-05-22 09:27:00.228326') OR locked_by = 'host:Lelands-MBP.attlocal.net pid:35934') AND failed_at IS NULL)  ORDER BY priority ASC, run_at ASC LIMIT 1 FOR UPDATE) RETURNING *[0m
  [1m[35mDelayed::Backend::ActiveRecord::Job Load (0.8ms)[0m  UPDATE "delayed_jobs" SET locked_at = '2017-05-22 13:27:05.292763', locked_by = 'host:Lelands-MBP.attlocal.net pid:35934' WHERE id IN (SELECT  "delayed_jobs"."id" FROM "delayed_jobs" WHERE ((run_at <= '2017-05-22 13:27:05.291982' AND (locked_at IS NULL OR locked_at < '2017-05-22 09:27:05.292084') OR locked_by = 'host:Lelands-MBP.attlocal.net pid:35934') AND failed_at IS NULL)  ORDER BY priority ASC, run_at ASC LIMIT 1 FOR UPDATE) RETURNING *
  [1m[36mDelayed::Backend::ActiveRecord::Job Load (0.9ms)[0m  [1mUPDATE "delayed_jobs" SET locked_at = '2017-05-22 13:27:10.355329', locked_by = 'host:Lelands-MBP.attlocal.net pid:35934' WHERE id IN (SELECT  "delayed_jobs"."id" FROM "delayed_jobs" WHERE ((run_at <= '2017-05-22 13:27:10.354516' AND (locked_at IS NULL OR locked_at < '2017-05-22 09:27:10.354535') OR locked_by = 'host:Lelands-MBP.attlocal.net pid:35934') AND failed_at IS NULL)  ORDER BY priority ASC, run_at ASC LIMIT 1 FOR UPDATE) RETURNING *[0m
  [1m[35mDelayed::Backend::ActiveRecord::Job Load (0.8ms)[0m  UPDATE "delayed_jobs" SET locked_at = '2017-05-22 13:27:15.413849', locked_by = 'host:Lelands-MBP.attlocal.net pid:35934' WHERE id IN (SELECT  "delayed_jobs"."id" FROM "delayed_jobs" WHERE ((run_at <= '2017-05-22 13:27:15.413216' AND (locked_at IS NULL OR locked_at < '2017-05-22 09:27:15.413235') OR locked_by = 'host:Lelands-MBP.attlocal.net pid:35934') AND failed_at IS NULL)  ORDER BY priority ASC, run_at ASC LIMIT 1 FOR UPDATE) RETURNING *
  [1m[36mDelayed::Backend::ActiveRecord::Job Load (0.8ms)[0m  [1mUPDATE "delayed_jobs" SET locked_at = '2017-05-22 13:27:20.483771', locked_by = 'host:Lelands-MBP.attlocal.net pid:35934' WHERE id IN (SELECT  "delayed_jobs"."id" FROM "delayed_jobs" WHERE ((run_at <= '2017-05-22 13:27:20.483095' AND (locked_at IS NULL OR locked_at < '2017-05-22 09:27:20.483114') OR locked_by = 'host:Lelands-MBP.attlocal.net pid:35934') AND failed_at IS NULL)  ORDER BY priority ASC, run_at ASC LIMIT 1 FOR UPDATE) RETURNING *[0m
  [1m[35mDelayed::Backend::ActiveRecord::Job Load (0.8ms)[0m  UPDATE "delayed_jobs" SET locked_at = '2017-05-22 13:27:25.546832', locked_by = 'host:Lelands-MBP.attlocal.net pid:35934' WHERE id IN (SELECT  "delayed_jobs"."id" FROM "delayed_jobs" WHERE ((run_at <= '2017-05-22 13:27:25.546047' AND (locked_at IS NULL OR locked_at < '2017-05-22 09:27:25.546065') OR locked_by = 'host:Lelands-MBP.attlocal.net pid:35934') AND failed_at IS NULL)  ORDER BY priority ASC, run_at ASC LIMIT 1 FOR UPDATE) RETURNING *
  [1m[36mDelayed::Backend::ActiveRecord::Job Load (0.8ms)[0m  [1mUPDATE "delayed_jobs" SET locked_at = '2017-05-22 13:27:30.613039', locked_by = 'host:Lelands-MBP.attlocal.net pid:35934' WHERE id IN (SELECT  "delayed_jobs"."id" FROM "delayed_jobs" WHERE ((run_at <= '2017-05-22 13:27:30.612153' AND (locked_at IS NULL OR locked_at < '2017-05-22 09:27:30.612170') OR locked_by = 'host:Lelands-MBP.attlocal.net pid:35934') AND failed_at IS NULL)  ORDER BY priority ASC, run_at ASC LIMIT 1 FOR UPDATE) RETURNING *[0m
  [1m[35mDelayed::Backend::ActiveRecord::Job Load (0.8ms)[0m  UPDATE "delayed_jobs" SET locked_at = '2017-05-22 13:27:35.685532', locked_by = 'host:Lelands-MBP.attlocal.net pid:35934' WHERE id IN (SELECT  "delayed_jobs"."id" FROM "delayed_jobs" WHERE ((run_at <= '2017-05-22 13:27:35.684816' AND (locked_at IS NULL OR locked_at < '2017-05-22 09:27:35.684836') OR locked_by = 'host:Lelands-MBP.attlocal.net pid:35934') AND failed_at IS NULL)  ORDER BY priority ASC, run_at ASC LIMIT 1 FOR UPDATE) RETURNING *
  [1m[36mDelayed::Backend::ActiveRecord::Job Load (0.8ms)[0m  [1mUPDATE "delayed_jobs" SET locked_at = '2017-05-22 13:27:40.746724', locked_by = 'host:Lelands-MBP.attlocal.net pid:35934' WHERE id IN (SELECT  "delayed_jobs"."id" FROM "delayed_jobs" WHERE ((run_at <= '2017-05-22 13:27:40.746018' AND (locked_at IS NULL OR locked_at < '2017-05-22 09:27:40.746037') OR locked_by = 'host:Lelands-MBP.attlocal.net pid:35934') AND failed_at IS NULL)  ORDER BY priority ASC, run_at ASC LIMIT 1 FOR UPDATE) RETURNING *[0m
  [1m[35mDelayed::Backend::ActiveRecord::Job Load (0.8ms)[0m  UPDATE "delayed_jobs" SET locked_at = '2017-05-22 13:27:45.807827', locked_by = 'host:Lelands-MBP.attlocal.net pid:35934' WHERE id IN (SELECT  "delayed_jobs"."id" FROM "delayed_jobs" WHERE ((run_at <= '2017-05-22 13:27:45.807205' AND (locked_at IS NULL OR locked_at < '2017-05-22 09:27:45.807223') OR locked_by = 'host:Lelands-MBP.attlocal.net pid:35934') AND failed_at IS NULL)  ORDER BY priority ASC, run_at ASC LIMIT 1 FOR UPDATE) RETURNING *
  [1m[36mDelayed::Backend::ActiveRecord::Job Load (0.7ms)[0m  [1mUPDATE "delayed_jobs" SET locked_at = '2017-05-22 13:27:50.870512', locked_by = 'host:Lelands-MBP.attlocal.net pid:35934' WHERE id IN (SELECT  "delayed_jobs"."id" FROM "delayed_jobs" WHERE ((run_at <= '2017-05-22 13:27:50.869876' AND (locked_at IS NULL OR locked_at < '2017-05-22 09:27:50.869897') OR locked_by = 'host:Lelands-MBP.attlocal.net pid:35934') AND failed_at IS NULL)  ORDER BY priority ASC, run_at ASC LIMIT 1 FOR UPDATE) RETURNING *[0m
  [1m[35mDelayed::Backend::ActiveRecord::Job Load (0.9ms)[0m  UPDATE "delayed_jobs" SET locked_at = '2017-05-22 13:27:55.937648', locked_by = 'host:Lelands-MBP.attlocal.net pid:35934' WHERE id IN (SELECT  "delayed_jobs"."id" FROM "delayed_jobs" WHERE ((run_at <= '2017-05-22 13:27:55.936954' AND (locked_at IS NULL OR locked_at < '2017-05-22 09:27:55.936974') OR locked_by = 'host:Lelands-MBP.attlocal.net pid:35934') AND failed_at IS NULL)  ORDER BY priority ASC, run_at ASC LIMIT 1 FOR UPDATE) RETURNING *
  [1m[36mDelayed::Backend::ActiveRecord::Job Load (1.0ms)[0m  [1mUPDATE "delayed_jobs" SET locked_at = '2017-05-22 13:28:01.008669', locked_by = 'host:Lelands-MBP.attlocal.net pid:35934' WHERE id IN (SELECT  "delayed_jobs"."id" FROM "delayed_jobs" WHERE ((run_at <= '2017-05-22 13:28:01.007554' AND (locked_at IS NULL OR locked_at < '2017-05-22 09:28:01.007573') OR locked_by = 'host:Lelands-MBP.attlocal.net pid:35934') AND failed_at IS NULL)  ORDER BY priority ASC, run_at ASC LIMIT 1 FOR UPDATE) RETURNING *[0m
  [1m[35mDelayed::Backend::ActiveRecord::Job Load (0.8ms)[0m  UPDATE "delayed_jobs" SET locked_at = '2017-05-22 13:28:06.084980', locked_by = 'host:Lelands-MBP.attlocal.net pid:35934' WHERE id IN (SELECT  "delayed_jobs"."id" FROM "delayed_jobs" WHERE ((run_at <= '2017-05-22 13:28:06.084288' AND (locked_at IS NULL OR locked_at < '2017-05-22 09:28:06.084306') OR locked_by = 'host:Lelands-MBP.attlocal.net pid:35934') AND failed_at IS NULL)  ORDER BY priority ASC, run_at ASC LIMIT 1 FOR UPDATE) RETURNING *
  [1m[36mDelayed::Backend::ActiveRecord::Job Load (0.8ms)[0m  [1mUPDATE "delayed_jobs" SET locked_at = '2017-05-22 13:28:11.147712', locked_by = 'host:Lelands-MBP.attlocal.net pid:35934' WHERE id IN (SELECT  "delayed_jobs"."id" FROM "delayed_jobs" WHERE ((run_at <= '2017-05-22 13:28:11.147008' AND (locked_at IS NULL OR locked_at < '2017-05-22 09:28:11.147029') OR locked_by = 'host:Lelands-MBP.attlocal.net pid:35934') AND failed_at IS NULL)  ORDER BY priority ASC, run_at ASC LIMIT 1 FOR UPDATE) RETURNING *[0m
  [1m[35mDelayed::Backend::ActiveRecord::Job Load (0.8ms)[0m  UPDATE "delayed_jobs" SET locked_at = '2017-05-22 13:28:16.215533', locked_by = 'host:Lelands-MBP.attlocal.net pid:35934' WHERE id IN (SELECT  "delayed_jobs"."id" FROM "delayed_jobs" WHERE ((run_at <= '2017-05-22 13:28:16.214799' AND (locked_at IS NULL OR locked_at < '2017-05-22 09:28:16.214819') OR locked_by = 'host:Lelands-MBP.attlocal.net pid:35934') AND failed_at IS NULL)  ORDER BY priority ASC, run_at ASC LIMIT 1 FOR UPDATE) RETURNING *
  [1m[36mDelayed::Backend::ActiveRecord::Job Load (0.9ms)[0m  [1mUPDATE "delayed_jobs" SET locked_at = '2017-05-22 13:28:21.285011', locked_by = 'host:Lelands-MBP.attlocal.net pid:35934' WHERE id IN (SELECT  "delayed_jobs"."id" FROM "delayed_jobs" WHERE ((run_at <= '2017-05-22 13:28:21.284388' AND (locked_at IS NULL OR locked_at < '2017-05-22 09:28:21.284408') OR locked_by = 'host:Lelands-MBP.attlocal.net pid:35934') AND failed_at IS NULL)  ORDER BY priority ASC, run_at ASC LIMIT 1 FOR UPDATE) RETURNING *[0m
  [1m[35mDelayed::Backend::ActiveRecord::Job Load (0.8ms)[0m  UPDATE "delayed_jobs" SET locked_at = '2017-05-22 13:28:26.345064', locked_by = 'host:Lelands-MBP.attlocal.net pid:35934' WHERE id IN (SELECT  "delayed_jobs"."id" FROM "delayed_jobs" WHERE ((run_at <= '2017-05-22 13:28:26.344380' AND (locked_at IS NULL OR locked_at < '2017-05-22 09:28:26.344400') OR locked_by = 'host:Lelands-MBP.attlocal.net pid:35934') AND failed_at IS NULL)  ORDER BY priority ASC, run_at ASC LIMIT 1 FOR UPDATE) RETURNING *
  [1m[36mDelayed::Backend::ActiveRecord::Job Load (0.9ms)[0m  [1mUPDATE "delayed_jobs" SET locked_at = '2017-05-22 13:28:31.409808', locked_by = 'host:Lelands-MBP.attlocal.net pid:35934' WHERE id IN (SELECT  "delayed_jobs"."id" FROM "delayed_jobs" WHERE ((run_at <= '2017-05-22 13:28:31.408918' AND (locked_at IS NULL OR locked_at < '2017-05-22 09:28:31.408936') OR locked_by = 'host:Lelands-MBP.attlocal.net pid:35934') AND failed_at IS NULL)  ORDER BY priority ASC, run_at ASC LIMIT 1 FOR UPDATE) RETURNING *[0m
  [1m[35mDelayed::Backend::ActiveRecord::Job Load (0.9ms)[0m  UPDATE "delayed_jobs" SET locked_at = '2017-05-22 13:28:36.481714', locked_by = 'host:Lelands-MBP.attlocal.net pid:35934' WHERE id IN (SELECT  "delayed_jobs"."id" FROM "delayed_jobs" WHERE ((run_at <= '2017-05-22 13:28:36.480871' AND (locked_at IS NULL OR locked_at < '2017-05-22 09:28:36.480891') OR locked_by = 'host:Lelands-MBP.attlocal.net pid:35934') AND failed_at IS NULL)  ORDER BY priority ASC, run_at ASC LIMIT 1 FOR UPDATE) RETURNING *
  [1m[36mDelayed::Backend::ActiveRecord::Job Load (0.8ms)[0m  [1mUPDATE "delayed_jobs" SET locked_at = '2017-05-22 13:28:41.548511', locked_by = 'host:Lelands-MBP.attlocal.net pid:35934' WHERE id IN (SELECT  "delayed_jobs"."id" FROM "delayed_jobs" WHERE ((run_at <= '2017-05-22 13:28:41.547706' AND (locked_at IS NULL OR locked_at < '2017-05-22 09:28:41.547725') OR locked_by = 'host:Lelands-MBP.attlocal.net pid:35934') AND failed_at IS NULL)  ORDER BY priority ASC, run_at ASC LIMIT 1 FOR UPDATE) RETURNING *[0m
  [1m[35mDelayed::Backend::ActiveRecord::Job Load (0.8ms)[0m  UPDATE "delayed_jobs" SET locked_at = '2017-05-22 13:28:46.627319', locked_by = 'host:Lelands-MBP.attlocal.net pid:35934' WHERE id IN (SELECT  "delayed_jobs"."id" FROM "delayed_jobs" WHERE ((run_at <= '2017-05-22 13:28:46.626635' AND (locked_at IS NULL OR locked_at < '2017-05-22 09:28:46.626656') OR locked_by = 'host:Lelands-MBP.attlocal.net pid:35934') AND failed_at IS NULL)  ORDER BY priority ASC, run_at ASC LIMIT 1 FOR UPDATE) RETURNING *
  [1m[36mDelayed::Backend::ActiveRecord::Job Load (0.8ms)[0m  [1mUPDATE "delayed_jobs" SET locked_at = '2017-05-22 13:28:51.704009', locked_by = 'host:Lelands-MBP.attlocal.net pid:35934' WHERE id IN (SELECT  "delayed_jobs"."id" FROM "delayed_jobs" WHERE ((run_at <= '2017-05-22 13:28:51.703315' AND (locked_at IS NULL OR locked_at < '2017-05-22 09:28:51.703335') OR locked_by = 'host:Lelands-MBP.attlocal.net pid:35934') AND failed_at IS NULL)  ORDER BY priority ASC, run_at ASC LIMIT 1 FOR UPDATE) RETURNING *[0m
  [1m[35mDelayed::Backend::ActiveRecord::Job Load (0.8ms)[0m  UPDATE "delayed_jobs" SET locked_at = '2017-05-22 13:28:56.774272', locked_by = 'host:Lelands-MBP.attlocal.net pid:35934' WHERE id IN (SELECT  "delayed_jobs"."id" FROM "delayed_jobs" WHERE ((run_at <= '2017-05-22 13:28:56.773503' AND (locked_at IS NULL OR locked_at < '2017-05-22 09:28:56.773521') OR locked_by = 'host:Lelands-MBP.attlocal.net pid:35934') AND failed_at IS NULL)  ORDER BY priority ASC, run_at ASC LIMIT 1 FOR UPDATE) RETURNING *
  [1m[36mDelayed::Backend::ActiveRecord::Job Load (1.0ms)[0m  [1mUPDATE "delayed_jobs" SET locked_at = '2017-05-22 13:29:01.846277', locked_by = 'host:Lelands-MBP.attlocal.net pid:35934' WHERE id IN (SELECT  "delayed_jobs"."id" FROM "delayed_jobs" WHERE ((run_at <= '2017-05-22 13:29:01.845520' AND (locked_at IS NULL OR locked_at < '2017-05-22 09:29:01.845540') OR locked_by = 'host:Lelands-MBP.attlocal.net pid:35934') AND failed_at IS NULL)  ORDER BY priority ASC, run_at ASC LIMIT 1 FOR UPDATE) RETURNING *[0m
  [1m[35mDelayed::Backend::ActiveRecord::Job Load (0.8ms)[0m  UPDATE "delayed_jobs" SET locked_at = '2017-05-22 13:29:06.925643', locked_by = 'host:Lelands-MBP.attlocal.net pid:35934' WHERE id IN (SELECT  "delayed_jobs"."id" FROM "delayed_jobs" WHERE ((run_at <= '2017-05-22 13:29:06.924893' AND (locked_at IS NULL OR locked_at < '2017-05-22 09:29:06.924928') OR locked_by = 'host:Lelands-MBP.attlocal.net pid:35934') AND failed_at IS NULL)  ORDER BY priority ASC, run_at ASC LIMIT 1 FOR UPDATE) RETURNING *
  [1m[36mDelayed::Backend::ActiveRecord::Job Load (0.9ms)[0m  [1mUPDATE "delayed_jobs" SET locked_at = '2017-05-22 13:29:12.003427', locked_by = 'host:Lelands-MBP.attlocal.net pid:35934' WHERE id IN (SELECT  "delayed_jobs"."id" FROM "delayed_jobs" WHERE ((run_at <= '2017-05-22 13:29:12.002587' AND (locked_at IS NULL OR locked_at < '2017-05-22 09:29:12.002610') OR locked_by = 'host:Lelands-MBP.attlocal.net pid:35934') AND failed_at IS NULL)  ORDER BY priority ASC, run_at ASC LIMIT 1 FOR UPDATE) RETURNING *[0m
  [1m[35mDelayed::Backend::ActiveRecord::Job Load (0.8ms)[0m  UPDATE "delayed_jobs" SET locked_at = '2017-05-22 13:29:17.085050', locked_by = 'host:Lelands-MBP.attlocal.net pid:35934' WHERE id IN (SELECT  "delayed_jobs"."id" FROM "delayed_jobs" WHERE ((run_at <= '2017-05-22 13:29:17.084359' AND (locked_at IS NULL OR locked_at < '2017-05-22 09:29:17.084379') OR locked_by = 'host:Lelands-MBP.attlocal.net pid:35934') AND failed_at IS NULL)  ORDER BY priority ASC, run_at ASC LIMIT 1 FOR UPDATE) RETURNING *
  [1m[36mDelayed::Backend::ActiveRecord::Job Load (1.4ms)[0m  [1mUPDATE "delayed_jobs" SET locked_at = '2017-05-22 13:29:20.800576', locked_by = 'host:Lelands-MBP.attlocal.net pid:35934' WHERE id IN (SELECT  "delayed_jobs"."id" FROM "delayed_jobs" WHERE ((run_at <= '2017-05-22 13:29:20.799667' AND (locked_at IS NULL OR locked_at < '2017-05-22 09:29:20.799694') OR locked_by = 'host:Lelands-MBP.attlocal.net pid:35934') AND failed_at IS NULL)  ORDER BY priority ASC, run_at ASC LIMIT 1 FOR UPDATE) RETURNING *[0m
  [1m[36mUser Load (0.6ms)[0m  [1mSELECT "users".* FROM "users"[0m
  [1m[35mDelayed::Backend::ActiveRecord::Job Load (1.1ms)[0m  UPDATE "delayed_jobs" SET locked_at = '2017-05-22 13:29:25.886804', locked_by = 'host:Lelands-MBP.attlocal.net pid:35934' WHERE id IN (SELECT  "delayed_jobs"."id" FROM "delayed_jobs" WHERE ((run_at <= '2017-05-22 13:29:25.885954' AND (locked_at IS NULL OR locked_at < '2017-05-22 09:29:25.885979') OR locked_by = 'host:Lelands-MBP.attlocal.net pid:35934') AND failed_at IS NULL)  ORDER BY priority ASC, run_at ASC LIMIT 1 FOR UPDATE) RETURNING *
  [1m[36mDelayed::Backend::ActiveRecord::Job Load (0.8ms)[0m  [1mUPDATE "delayed_jobs" SET locked_at = '2017-05-22 13:29:30.979474', locked_by = 'host:Lelands-MBP.attlocal.net pid:35934' WHERE id IN (SELECT  "delayed_jobs"."id" FROM "delayed_jobs" WHERE ((run_at <= '2017-05-22 13:29:30.978805' AND (locked_at IS NULL OR locked_at < '2017-05-22 09:29:30.978824') OR locked_by = 'host:Lelands-MBP.attlocal.net pid:35934') AND failed_at IS NULL)  ORDER BY priority ASC, run_at ASC LIMIT 1 FOR UPDATE) RETURNING *[0m
  [1m[35mDelayed::Backend::ActiveRecord::Job Load (0.8ms)[0m  UPDATE "delayed_jobs" SET locked_at = '2017-05-22 13:29:36.057418', locked_by = 'host:Lelands-MBP.attlocal.net pid:35934' WHERE id IN (SELECT  "delayed_jobs"."id" FROM "delayed_jobs" WHERE ((run_at <= '2017-05-22 13:29:36.056668' AND (locked_at IS NULL OR locked_at < '2017-05-22 09:29:36.056687') OR locked_by = 'host:Lelands-MBP.attlocal.net pid:35934') AND failed_at IS NULL)  ORDER BY priority ASC, run_at ASC LIMIT 1 FOR UPDATE) RETURNING *
  [1m[36mDelayed::Backend::ActiveRecord::Job Load (0.8ms)[0m  [1mUPDATE "delayed_jobs" SET locked_at = '2017-05-22 13:29:41.142403', locked_by = 'host:Lelands-MBP.attlocal.net pid:35934' WHERE id IN (SELECT  "delayed_jobs"."id" FROM "delayed_jobs" WHERE ((run_at <= '2017-05-22 13:29:41.141700' AND (locked_at IS NULL OR locked_at < '2017-05-22 09:29:41.141721') OR locked_by = 'host:Lelands-MBP.attlocal.net pid:35934') AND failed_at IS NULL)  ORDER BY priority ASC, run_at ASC LIMIT 1 FOR UPDATE) RETURNING *[0m
Processing by UsersController#create as HTML
  Parameters: {"utf8"=>"✓", "authenticity_token"=>"Q16pyJl6gd1D48mY7DUIXW5UDS2b4uA0XzzZAHiA7k+0w3pxg3gMhpzqfK8Trc7CMr/4kAJHEd7Sln9mGH1yOw==", "user"=>{"email"=>"lelandklein@me.com"}, "commit"=>"Step Inside"}
  [1m[36m (0.1ms)[0m  [1mBEGIN[0m
  [1m[35mUser Exists (0.9ms)[0m  SELECT  1 AS one FROM "users" WHERE "users"."email" = 'lelandklein@me.com' LIMIT 1
  [1m[36mUser Exists (0.3ms)[0m  [1mSELECT  1 AS one FROM "users" WHERE "users"."referral_code" IS NULL LIMIT 1[0m
  [1m[35mUser Load (0.3ms)[0m  SELECT  "users".* FROM "users" WHERE "users"."referral_code" = $1 LIMIT 1  [["referral_code", "301ddbe2de"]]
  [1m[36mSQL (0.7ms)[0m  [1mINSERT INTO "users" ("email", "created_at", "updated_at", "referral_code") VALUES ($1, $2, $3, $4) RETURNING "id"[0m  [["email", "lelandklein@me.com"], ["created_at", "2017-05-22 13:29:41.453259"], ["updated_at", "2017-05-22 13:29:41.453259"], ["referral_code", "301ddbe2de"]]
  [1m[35mSQL (0.9ms)[0m  INSERT INTO "delayed_jobs" ("handler", "run_at", "created_at", "updated_at") VALUES ($1, $2, $3, $4) RETURNING "id"  [["handler", "--- !ruby/object:Delayed::PerformableMailer\nobject: !ruby/class 'UserMailer'\nmethod_name: :signup_email\nargs:\n- !ruby/object:User\n  raw_attributes:\n    email: lelandklein@me.com\n    id: '1'\n    referral_code: 301ddbe2de\n    created_at: &1 2017-05-22 13:29:41.453259000 Z\n    updated_at: *1\n    referrer_id: \n  attributes: !ruby/object:ActiveRecord::AttributeSet\n    attributes: !ruby/object:ActiveRecord::LazyAttributeHash\n      types:\n        id: &3 !ruby/object:ActiveRecord::ConnectionAdapters::PostgreSQL::OID::Integer\n          precision: \n          scale: \n          limit: \n          range: !ruby/range\n            begin: -2147483648\n            end: 2147483648\n            excl: true\n        email: &2 !ruby/object:ActiveRecord::Type::String\n          precision: \n          scale: \n          limit: \n        referral_code: *2\n        referrer_id: *3\n        created_at: &5 !ruby/object:ActiveRecord::AttributeMethods::TimeZoneConversion::TimeZoneConverter\n          subtype: &4 !ruby/object:ActiveRecord::ConnectionAdapters::PostgreSQL::OID::DateTime\n            precision: \n            scale: \n            limit: \n        updated_at: &6 !ruby/object:ActiveRecord::AttributeMethods::TimeZoneConversion::TimeZoneConverter\n          subtype: *4\n      values:\n        id: \n        email: \n        referral_code: \n        referrer_id: \n        created_at: \n        updated_at: \n      additional_types: {}\n      materialized: true\n      delegate_hash:\n        email: !ruby/object:ActiveRecord::Attribute::FromUser\n          name: email\n          value_before_type_cast: lelandklein@me.com\n          type: *2\n          value: lelandklein@me.com\n        id: !ruby/object:ActiveRecord::Attribute::FromUser\n          name: id\n          value_before_type_cast: '1'\n          type: *3\n          value: 1\n        referral_code: !ruby/object:ActiveRecord::Attribute::FromUser\n          name: referral_code\n          value_before_type_cast: 301ddbe2de\n          type: *2\n          value: 301ddbe2de\n        created_at: !ruby/object:ActiveRecord::Attribute::FromUser\n          name: created_at\n          value_before_type_cast: *1\n          type: *5\n          value: *1\n        updated_at: !ruby/object:ActiveRecord::Attribute::FromUser\n          name: updated_at\n          value_before_type_cast: *1\n          type: *6\n          value: *1\n        referrer_id: !ruby/object:ActiveRecord::Attribute::FromDatabase\n          name: referrer_id\n          value_before_type_cast: \n          type: *3\n  new_record: false\n  active_record_yaml_version: 0\n"], ["run_at", "2017-05-22 13:29:41.486313"], ["created_at", "2017-05-22 13:29:41.486626"], ["updated_at", "2017-05-22 13:29:41.486626"]]
  [1m[36m (6.1ms)[0m  [1mCOMMIT[0m
Redirected to http://localhost:5000/refer-a-friend
Completed 302 Found in 77ms (ActiveRecord: 16.6ms)
Processing by UsersController#refer as HTML
  [1m[35mUser Load (0.3ms)[0m  SELECT  "users".* FROM "users" WHERE "users"."email" = $1 LIMIT 1  [["email", "lelandklein@me.com"]]
  [1m[36m (0.4ms)[0m  [1mSELECT COUNT(*) FROM "users" WHERE "users"."referrer_id" = $1[0m  [["referrer_id", 1]]
  Rendered users/refer.html.erb within layouts/application (16.4ms)
Completed 200 OK in 37ms (Views: 33.8ms | ActiveRecord: 0.7ms)
  [1m[35mDelayed::Backend::ActiveRecord::Job Load (3.0ms)[0m  UPDATE "delayed_jobs" SET locked_at = '2017-05-22 13:29:46.236637', locked_by = 'host:Lelands-MBP.attlocal.net pid:35934' WHERE id IN (SELECT  "delayed_jobs"."id" FROM "delayed_jobs" WHERE ((run_at <= '2017-05-22 13:29:46.235899' AND (locked_at IS NULL OR locked_at < '2017-05-22 09:29:46.235921') OR locked_by = 'host:Lelands-MBP.attlocal.net pid:35934') AND failed_at IS NULL)  ORDER BY priority ASC, run_at ASC LIMIT 1 FOR UPDATE) RETURNING *
  [1m[36mUser Load (0.5ms)[0m  [1mSELECT  "users".* FROM "users" WHERE "users"."id" = $1 LIMIT 1[0m  [["id", 1]]
2017-05-22T09:29:46-0400: [Worker(host:Lelands-MBP.attlocal.net pid:35934)] Job UserMailer.signup_email (id=1) RUNNING
  Rendered user_mailer/signup_email.html.erb (6.1ms)

UserMailer#signup_email: processed outbound mail in 26.0ms
2017-05-22T09:29:46-0400: [Worker(host:Lelands-MBP.attlocal.net pid:35934)] Job UserMailer.signup_email (id=1) FAILED (0 prior attempts) with ActionView::Template::Error: undefined method `encoding' for {:host=>"localhost:3000"}:Hash
  [1m[35m (0.2ms)[0m  BEGIN
  [1m[36mSQL (1.1ms)[0m  [1mUPDATE "delayed_jobs" SET "last_error" = $1, "attempts" = $2, "run_at" = $3, "locked_at" = $4, "locked_by" = $5, "updated_at" = $6 WHERE "delayed_jobs"."id" = $7[0m  [["last_error", "undefined method `encoding' for {:host=>\"localhost:3000\"}:Hash\n/Users/lelandklein/.rvm/rubies/ruby-2.3.0/lib/ruby/2.3.0/cgi/util.rb:9:in `escape'\n/Users/lelandklein/SOLD/prelaunchr/app/views/user_mailer/signup_email.html.erb:65:in `_app_views_user_mailer_signup_email_html_erb__636506241552797070_70190798971140'\n/Users/lelandklein/.rvm/gems/ruby-2.3.0/gems/actionview-4.2.5.2/lib/action_view/template.rb:145:in `block in render'\n/Users/lelandklein/.rvm/gems/ruby-2.3.0/gems/activesupport-4.2.5.2/lib/active_support/notifications.rb:166:in `instrument'\n/Users/lelandklein/.rvm/gems/ruby-2.3.0/gems/actionview-4.2.5.2/lib/action_view/template.rb:333:in `instrument'\n/Users/lelandklein/.rvm/gems/ruby-2.3.0/gems/actionview-4.2.5.2/lib/action_view/template.rb:143:in `render'\n/Users/lelandklein/.rvm/gems/ruby-2.3.0/gems/actionview-4.2.5.2/lib/action_view/renderer/template_renderer.rb:54:in `block (2 levels) in render_template'\n/Users/lelandklein/.rvm/gems/ruby-2.3.0/gems/actionview-4.2.5.2/lib/action_view/renderer/abstract_renderer.rb:39:in `block in instrument'\n/Users/lelandklein/.rvm/gems/ruby-2.3.0/gems/activesupport-4.2.5.2/lib/active_support/notifications.rb:164:in `block in instrument'\n/Users/lelandklein/.rvm/gems/ruby-2.3.0/gems/activesupport-4.2.5.2/lib/active_support/notifications/instrumenter.rb:20:in `instrument'\n/Users/lelandklein/.rvm/gems/ruby-2.3.0/gems/activesupport-4.2.5.2/lib/active_support/notifications.rb:164:in `instrument'\n/Users/lelandklein/.rvm/gems/ruby-2.3.0/gems/actionview-4.2.5.2/lib/action_view/renderer/abstract_renderer.rb:39:in `instrument'\n/Users/lelandklein/.rvm/gems/ruby-2.3.0/gems/actionview-4.2.5.2/lib/action_view/renderer/template_renderer.rb:53:in `block in render_template'\n/Users/lelandklein/.rvm/gems/ruby-2.3.0/gems/actionview-4.2.5.2/lib/action_view/renderer/template_renderer.rb:61:in `render_with_layout'\n/Users/lelandklein/.rvm/gems/ruby-2.3.0/gems/actionview-4.2.5.2/lib/action_view/renderer/template_renderer.rb:52:in `render_template'\n/Users/lelandklein/.rvm/gems/ruby-2.3.0/gems/actionview-4.2.5.2/lib/action_view/renderer/template_renderer.rb:14:in `render'\n/Users/lelandklein/.rvm/gems/ruby-2.3.0/gems/actionview-4.2.5.2/lib/action_view/renderer/renderer.rb:46:in `render_template'\n/Users/lelandklein/.rvm/gems/ruby-2.3.0/gems/actionview-4.2.5.2/lib/action_view/renderer/renderer.rb:27:in `render'\n/Users/lelandklein/.rvm/gems/ruby-2.3.0/gems/actionview-4.2.5.2/lib/action_view/rendering.rb:100:in `_render_template'\n/Users/lelandklein/.rvm/gems/ruby-2.3.0/gems/actionview-4.2.5.2/lib/action_view/rendering.rb:83:in `render_to_body'\n/Users/lelandklein/.rvm/gems/ruby-2.3.0/gems/actionpack-4.2.5.2/lib/abstract_controller/rendering.rb:25:in `render'\n/Users/lelandklein/.rvm/gems/ruby-2.3.0/gems/actionmailer-4.2.5.2/lib/action_mailer/base.rb:904:in `block in collect_responses'\n/Users/lelandklein/.rvm/gems/ruby-2.3.0/gems/actionmailer-4.2.5.2/lib/action_mailer/base.rb:918:in `each'\n/Users/lelandklein/.rvm/gems/ruby-2.3.0/gems/actionmailer-4.2.5.2/lib/action_mailer/base.rb:918:in `each_template'\n/Users/lelandklein/.rvm/gems/ruby-2.3.0/gems/actionmailer-4.2.5.2/lib/action_mailer/base.rb:900:in `collect_responses'\n/Users/lelandklein/.rvm/gems/ruby-2.3.0/gems/actionmailer-4.2.5.2/lib/action_mailer/base.rb:829:in `mail'\n/Users/lelandklein/SOLD/prelaunchr/app/mailers/user_mailer.rb:8:in `signup_email'\n/Users/lelandklein/.rvm/gems/ruby-2.3.0/gems/actionpack-4.2.5.2/lib/abstract_controller/base.rb:198:in `process_action'\n/Users/lelandklein/.rvm/gems/ruby-2.3.0/gems/actionpack-4.2.5.2/lib/abstract_controller/callbacks.rb:20:in `block in process_action'\n/Users/lelandklein/.rvm/gems/ruby-2.3.0/gems/activesupport-4.2.5.2/lib/active_support/callbacks.rb:88:in `__run_callbacks__'\n/Users/lelandklein/.rvm/gems/ruby-2.3.0/gems/activesupport-4.2.5.2/lib/active_support/callbacks.rb:778:in `_run_process_action_callbacks'\n/Users/lelandklein/.rvm/gems/ruby-2.3.0/gems/activesupport-4.2.5.2/lib/active_support/callbacks.rb:81:in `run_callbacks'\n/Users/lelandklein/.rvm/gems/ruby-2.3.0/gems/actionpack-4.2.5.2/lib/abstract_controller/callbacks.rb:19:in `process_action'\n/Users/lelandklein/.rvm/gems/ruby-2.3.0/gems/actionpack-4.2.5.2/lib/abstract_controller/base.rb:137:in `process'\n/Users/lelandklein/.rvm/gems/ruby-2.3.0/gems/actionview-4.2.5.2/lib/action_view/rendering.rb:30:in `process'\n/Users/lelandklein/.rvm/gems/ruby-2.3.0/gems/actionmailer-4.2.5.2/lib/action_mailer/base.rb:596:in `block in process'\n/Users/lelandklein/.rvm/gems/ruby-2.3.0/gems/activesupport-4.2.5.2/lib/active_support/notifications.rb:164:in `block in instrument'\n/Users/lelandklein/.rvm/gems/ruby-2.3.0/gems/activesupport-4.2.5.2/lib/active_support/notifications/instrumenter.rb:20:in `instrument'\n/Users/lelandklein/.rvm/gems/ruby-2.3.0/gems/activesupport-4.2.5.2/lib/active_support/notifications.rb:164:in `instrument'\n/Users/lelandklein/.rvm/gems/ruby-2.3.0/gems/actionmailer-4.2.5.2/lib/action_mailer/base.rb:593:in `process'\n/Users/lelandklein/.rvm/gems/ruby-2.3.0/gems/actionmailer-4.2.5.2/lib/action_mailer/base.rb:584:in `initialize'\n/Users/lelandklein/.rvm/gems/ruby-2.3.0/gems/actionmailer-4.2.5.2/lib/action_mailer/message_delivery.rb:25:in `new'\n/Users/lelandklein/.rvm/gems/ruby-2.3.0/gems/actionmailer-4.2.5.2/lib/action_mailer/message_delivery.rb:25:in `__getobj__'\n/Users/lelandklein/.rvm/gems/ruby-2.3.0/gems/actionmailer-4.2.5.2/lib/action_mailer/message_delivery.rb:34:in `message'\n/Users/lelandklein/.rvm/gems/ruby-2.3.0/gems/actionmailer-4.2.5.2/lib/action_mailer/message_delivery.rb:85:in `deliver_now'\n/Users/lelandklein/.rvm/gems/ruby-2.3.0/gems/delayed_job-4.0.6/lib/delayed/performable_mailer.rb:7:in `perform'\n/Users/lelandklein/.rvm/gems/ruby-2.3.0/gems/delayed_job-4.0.6/lib/delayed/backend/base.rb:94:in `block in invoke_job'\n/Users/lelandklein/.rvm/gems/ruby-2.3.0/gems/delayed_job-4.0.6/lib/delayed/lifecycle.rb:61:in `block in initialize'\n/Users/lelandklein/.rvm/gems/ruby-2.3.0/gems/delayed_job-4.0.6/lib/delayed/lifecycle.rb:66:in `execute'\n/Users/lelandklein/.rvm/gems/ruby-2.3.0/gems/delayed_job-4.0.6/lib/delayed/lifecycle.rb:40:in `run_callbacks'\n/Users/lelandklein/.rvm/gems/ruby-2.3.0/gems/delayed_job-4.0.6/lib/delayed/backend/base.rb:91:in `invoke_job'\n/Users/lelandklein/.rvm/gems/ruby-2.3.0/gems/delayed_job-4.0.6/lib/delayed/worker.rb:204:in `block (2 levels) in run'\n/Users/lelandklein/.rvm/rubies/ruby-2.3.0/lib/ruby/2.3.0/timeout.rb:91:in `block in timeout'\n/Users/lelandklein/.rvm/rubies/ruby-2.3.0/lib/ruby/2.3.0/timeout.rb:101:in `timeout'\n/Users/lelandklein/.rvm/gems/ruby-2.3.0/gems/delayed_job-4.0.6/lib/delayed/worker.rb:204:in `block in run'\n/Users/lelandklein/.rvm/rubies/ruby-2.3.0/lib/ruby/2.3.0/benchmark.rb:308:in `realtime'\n/Users/lelandklein/.rvm/gems/ruby-2.3.0/gems/delayed_job-4.0.6/lib/delayed/worker.rb:203:in `run'\n/Users/lelandklein/.rvm/gems/ruby-2.3.0/gems/delayed_job-4.0.6/lib/delayed/worker.rb:280:in `block in reserve_and_run_one_job'\n/Users/lelandklein/.rvm/gems/ruby-2.3.0/gems/delayed_job-4.0.6/lib/delayed/lifecycle.rb:61:in `block in initialize'\n/Users/lelandklein/.rvm/gems/ruby-2.3.0/gems/delayed_job-4.0.6/lib/delayed/lifecycle.rb:66:in `execute'\n/Users/lelandklein/.rvm/gems/ruby-2.3.0/gems/delayed_job-4.0.6/lib/delayed/lifecycle.rb:40:in `run_callbacks'\n/Users/lelandklein/.rvm/gems/ruby-2.3.0/gems/delayed_job-4.0.6/lib/delayed/worker.rb:280:in `reserve_and_run_one_job'\n/Users/lelandklein/.rvm/gems/ruby-2.3.0/gems/delayed_job-4.0.6/lib/delayed/worker.rb:187:in `block in work_off'\n/Users/lelandklein/.rvm/gems/ruby-2.3.0/gems/delayed_job-4.0.6/lib/delayed/worker.rb:186:in `times'\n/Users/lelandklein/.rvm/gems/ruby-2.3.0/gems/delayed_job-4.0.6/lib/delayed/worker.rb:186:in `work_off'\n/Users/lelandklein/.rvm/gems/ruby-2.3.0/gems/delayed_job-4.0.6/lib/delayed/worker.rb:150:in `block (4 levels) in start'\n/Users/lelandklein/.rvm/rubies/ruby-2.3.0/lib/ruby/2.3.0/benchmark.rb:308:in `realtime'\n/Users/lelandklein/.rvm/gems/ruby-2.3.0/gems/delayed_job-4.0.6/lib/delayed/worker.rb:149:in `block (3 levels) in start'\n/Users/lelandklein/.rvm/gems/ruby-2.3.0/gems/delayed_job-4.0.6/lib/delayed/lifecycle.rb:61:in `block in initialize'\n/Users/lelandklein/.rvm/gems/ruby-2.3.0/gems/delayed_job-4.0.6/lib/delayed/lifecycle.rb:66:in `execute'\n/Users/lelandklein/.rvm/gems/ruby-2.3.0/gems/delayed_job-4.0.6/lib/delayed/lifecycle.rb:40:in `run_callbacks'\n/Users/lelandklein/.rvm/gems/ruby-2.3.0/gems/delayed_job-4.0.6/lib/delayed/worker.rb:148:in `block (2 levels) in start'\n/Users/lelandklein/.rvm/gems/ruby-2.3.0/gems/delayed_job-4.0.6/lib/delayed/worker.rb:147:in `loop'\n/Users/lelandklein/.rvm/gems/ruby-2.3.0/gems/delayed_job-4.0.6/lib/delayed/worker.rb:147:in `block in start'\n/Users/lelandklein/.rvm/gems/ruby-2.3.0/gems/delayed_job-4.0.6/lib/delayed/plugins/clear_locks.rb:7:in `block (2 levels) in <class:ClearLocks>'\n/Users/lelandklein/.rvm/gems/ruby-2.3.0/gems/delayed_job-4.0.6/lib/delayed/lifecycle.rb:79:in `block (2 levels) in add'\n/Users/lelandklein/.rvm/gems/ruby-2.3.0/gems/delayed_job-4.0.6/lib/delayed/lifecycle.rb:61:in `block in initialize'\n/Users/lelandklein/.rvm/gems/ruby-2.3.0/gems/delayed_job-4.0.6/lib/delayed/lifecycle.rb:79:in `block in add'\n/Users/lelandklein/.rvm/gems/ruby-2.3.0/gems/delayed_job-4.0.6/lib/delayed/lifecycle.rb:66:in `execute'\n/Users/lelandklein/.rvm/gems/ruby-2.3.0/gems/delayed_job-4.0.6/lib/delayed/lifecycle.rb:40:in `run_callbacks'\n/Users/lelandklein/.rvm/gems/ruby-2.3.0/gems/delayed_job-4.0.6/lib/delayed/worker.rb:146:in `start'\n/Users/lelandklein/.rvm/gems/ruby-2.3.0/gems/delayed_job-4.0.6/lib/delayed/tasks.rb:9:in `block (2 levels) in <top (required)>'\n/Users/lelandklein/.rvm/gems/ruby-2.3.0/gems/rake-10.5.0/lib/rake/task.rb:240:in `block in execute'\n/Users/lelandklein/.rvm/gems/ruby-2.3.0/gems/rake-10.5.0/lib/rake/task.rb:235:in `each'\n/Users/lelandklein/.rvm/gems/ruby-2.3.0/gems/rake-10.5.0/lib/rake/task.rb:235:in `execute'\n/Users/lelandklein/.rvm/gems/ruby-2.3.0/gems/rake-10.5.0/lib/rake/task.rb:179:in `block in invoke_with_call_chain'\n/Users/lelandklein/.rvm/rubies/ruby-2.3.0/lib/ruby/2.3.0/monitor.rb:214:in `mon_synchronize'\n/Users/lelandklein/.rvm/gems/ruby-2.3.0/gems/rake-10.5.0/lib/rake/task.rb:172:in `invoke_with_call_chain'\n/Users/lelandklein/.rvm/gems/ruby-2.3.0/gems/rake-10.5.0/lib/rake/task.rb:165:in `invoke'\n/Users/lelandklein/.rvm/gems/ruby-2.3.0/gems/rake-10.5.0/lib/rake/application.rb:150:in `invoke_task'\n/Users/lelandklein/.rvm/gems/ruby-2.3.0/gems/rake-10.5.0/lib/rake/application.rb:106:in `block (2 levels) in top_level'\n/Users/lelandklein/.rvm/gems/ruby-2.3.0/gems/rake-10.5.0/lib/rake/application.rb:106:in `each'\n/Users/lelandklein/.rvm/gems/ruby-2.3.0/gems/rake-10.5.0/lib/rake/application.rb:106:in `block in top_level'\n/Users/lelandklein/.rvm/gems/ruby-2.3.0/gems/rake-10.5.0/lib/rake/application.rb:115:in `run_with_threads'\n/Users/lelandklein/.rvm/gems/ruby-2.3.0/gems/rake-10.5.0/lib/rake/application.rb:100:in `top_level'\n/Users/lelandklein/.rvm/gems/ruby-2.3.0/gems/rake-10.5.0/lib/rake/application.rb:78:in `block in run'\n/Users/lelandklein/.rvm/gems/ruby-2.3.0/gems/rake-10.5.0/lib/rake/application.rb:176:in `standard_exception_handling'\n/Users/lelandklein/.rvm/gems/ruby-2.3.0/gems/rake-10.5.0/lib/rake/application.rb:75:in `run'\n/Users/lelandklein/.rvm/gems/ruby-2.3.0/gems/rake-10.5.0/bin/rake:33:in `<top (required)>'\n/Users/lelandklein/.rvm/gems/ruby-2.3.0/bin/rake:22:in `load'\n/Users/lelandklein/.rvm/gems/ruby-2.3.0/bin/rake:22:in `<main>'\n/Users/lelandklein/.rvm/gems/ruby-2.3.0/bin/ruby_executable_hooks:15:in `eval'\n/Users/lelandklein/.rvm/gems/ruby-2.3.0/bin/ruby_executable_hooks:15:in `<main>'"], ["attempts", 1], ["run_at", "2017-05-22 13:29:52.292000"], ["locked_at", nil], ["locked_by", nil], ["updated_at", "2017-05-22 13:29:46.294101"], ["id", 1]]
  [1m[35m (6.1ms)[0m  COMMIT
  [1m[36mDelayed::Backend::ActiveRecord::Job Load (0.9ms)[0m  [1mUPDATE "delayed_jobs" SET locked_at = '2017-05-22 13:29:46.304712', locked_by = 'host:Lelands-MBP.attlocal.net pid:35934' WHERE id IN (SELECT  "delayed_jobs"."id" FROM "delayed_jobs" WHERE ((run_at <= '2017-05-22 13:29:46.304387' AND (locked_at IS NULL OR locked_at < '2017-05-22 09:29:46.304404') OR locked_by = 'host:Lelands-MBP.attlocal.net pid:35934') AND failed_at IS NULL)  ORDER BY priority ASC, run_at ASC LIMIT 1 FOR UPDATE) RETURNING *[0m
2017-05-22T09:29:46-0400: [Worker(host:Lelands-MBP.attlocal.net pid:35934)] 1 jobs processed at 14.2122 j/s, 1 failed
  [1m[35mDelayed::Backend::ActiveRecord::Job Load (0.9ms)[0m  UPDATE "delayed_jobs" SET locked_at = '2017-05-22 13:29:46.306526', locked_by = 'host:Lelands-MBP.attlocal.net pid:35934' WHERE id IN (SELECT  "delayed_jobs"."id" FROM "delayed_jobs" WHERE ((run_at <= '2017-05-22 13:29:46.306294' AND (locked_at IS NULL OR locked_at < '2017-05-22 09:29:46.306344') OR locked_by = 'host:Lelands-MBP.attlocal.net pid:35934') AND failed_at IS NULL)  ORDER BY priority ASC, run_at ASC LIMIT 1 FOR UPDATE) RETURNING *
  [1m[36mDelayed::Backend::ActiveRecord::Job Load (1.2ms)[0m  [1mUPDATE "delayed_jobs" SET locked_at = '2017-05-22 13:29:51.389549', locked_by = 'host:Lelands-MBP.attlocal.net pid:35934' WHERE id IN (SELECT  "delayed_jobs"."id" FROM "delayed_jobs" WHERE ((run_at <= '2017-05-22 13:29:51.388567' AND (locked_at IS NULL OR locked_at < '2017-05-22 09:29:51.388586') OR locked_by = 'host:Lelands-MBP.attlocal.net pid:35934') AND failed_at IS NULL)  ORDER BY priority ASC, run_at ASC LIMIT 1 FOR UPDATE) RETURNING *[0m
Processing by UsersController#new as HTML
  Parameters: {"ref"=>"301ddbe2de"}
  [1m[36mUser Load (0.5ms)[0m  [1mSELECT  "users".* FROM "users" WHERE "users"."referral_code" = $1 LIMIT 1[0m  [["referral_code", "301ddbe2de"]]
Redirected to http://localhost:5000/
Filter chain halted as :ref_to_cookie rendered or redirected
Completed 302 Found in 12ms (ActiveRecord: 0.7ms)
Processing by UsersController#new as HTML
  [1m[35mUser Load (0.3ms)[0m  SELECT  "users".* FROM "users" WHERE "users"."email" = $1 LIMIT 1  [["email", "lelandklein@me.com"]]
Redirected to http://localhost:5000/refer-a-friend
Filter chain halted as :skip_first_page rendered or redirected
Completed 302 Found in 1ms (ActiveRecord: 0.3ms)
Processing by UsersController#refer as HTML
  [1m[36mUser Load (0.5ms)[0m  [1mSELECT  "users".* FROM "users" WHERE "users"."email" = $1 LIMIT 1[0m  [["email", "lelandklein@me.com"]]
  [1m[35m (0.4ms)[0m  SELECT COUNT(*) FROM "users" WHERE "users"."referrer_id" = $1  [["referrer_id", 1]]
  Rendered users/refer.html.erb within layouts/application (12.0ms)
Completed 200 OK in 96ms (Views: 27.4ms | ActiveRecord: 6.1ms)
  [1m[35mDelayed::Backend::ActiveRecord::Job Load (3.0ms)[0m  UPDATE "delayed_jobs" SET locked_at = '2017-05-22 13:29:56.478694', locked_by = 'host:Lelands-MBP.attlocal.net pid:35934' WHERE id IN (SELECT  "delayed_jobs"."id" FROM "delayed_jobs" WHERE ((run_at <= '2017-05-22 13:29:56.478023' AND (locked_at IS NULL OR locked_at < '2017-05-22 09:29:56.478044') OR locked_by = 'host:Lelands-MBP.attlocal.net pid:35934') AND failed_at IS NULL)  ORDER BY priority ASC, run_at ASC LIMIT 1 FOR UPDATE) RETURNING *
  [1m[36mUser Load (0.3ms)[0m  [1mSELECT  "users".* FROM "users" WHERE "users"."id" = $1 LIMIT 1[0m  [["id", 1]]
2017-05-22T09:29:56-0400: [Worker(host:Lelands-MBP.attlocal.net pid:35934)] Job UserMailer.signup_email (id=1) RUNNING
  Rendered user_mailer/signup_email.html.erb (2.9ms)

UserMailer#signup_email: processed outbound mail in 17.2ms
2017-05-22T09:29:56-0400: [Worker(host:Lelands-MBP.attlocal.net pid:35934)] Job UserMailer.signup_email (id=1) FAILED (1 prior attempts) with ActionView::Template::Error: undefined method `encoding' for {:host=>"localhost:3000"}:Hash
  [1m[35m (0.3ms)[0m  BEGIN
  [1m[36mSQL (0.4ms)[0m  [1mUPDATE "delayed_jobs" SET "attempts" = $1, "run_at" = $2, "locked_at" = $3, "locked_by" = $4, "updated_at" = $5 WHERE "delayed_jobs"."id" = $6[0m  [["attempts", 2], ["run_at", "2017-05-22 13:30:17.512705"], ["locked_at", nil], ["locked_by", nil], ["updated_at", "2017-05-22 13:29:56.513524"], ["id", 1]]
  [1m[35m (0.3ms)[0m  COMMIT
  [1m[36mDelayed::Backend::ActiveRecord::Job Load (0.7ms)[0m  [1mUPDATE "delayed_jobs" SET locked_at = '2017-05-22 13:29:56.515667', locked_by = 'host:Lelands-MBP.attlocal.net pid:35934' WHERE id IN (SELECT  "delayed_jobs"."id" FROM "delayed_jobs" WHERE ((run_at <= '2017-05-22 13:29:56.515440' AND (locked_at IS NULL OR locked_at < '2017-05-22 09:29:56.515449') OR locked_by = 'host:Lelands-MBP.attlocal.net pid:35934') AND failed_at IS NULL)  ORDER BY priority ASC, run_at ASC LIMIT 1 FOR UPDATE) RETURNING *[0m
2017-05-22T09:29:56-0400: [Worker(host:Lelands-MBP.attlocal.net pid:35934)] 1 jobs processed at 25.7347 j/s, 1 failed
  [1m[35mDelayed::Backend::ActiveRecord::Job Load (0.8ms)[0m  UPDATE "delayed_jobs" SET locked_at = '2017-05-22 13:29:56.517082', locked_by = 'host:Lelands-MBP.attlocal.net pid:35934' WHERE id IN (SELECT  "delayed_jobs"."id" FROM "delayed_jobs" WHERE ((run_at <= '2017-05-22 13:29:56.516897' AND (locked_at IS NULL OR locked_at < '2017-05-22 09:29:56.516904') OR locked_by = 'host:Lelands-MBP.attlocal.net pid:35934') AND failed_at IS NULL)  ORDER BY priority ASC, run_at ASC LIMIT 1 FOR UPDATE) RETURNING *
  [1m[36mDelayed::Backend::ActiveRecord::Job Load (0.8ms)[0m  [1mUPDATE "delayed_jobs" SET locked_at = '2017-05-22 13:30:01.610515', locked_by = 'host:Lelands-MBP.attlocal.net pid:35934' WHERE id IN (SELECT  "delayed_jobs"."id" FROM "delayed_jobs" WHERE ((run_at <= '2017-05-22 13:30:01.609830' AND (locked_at IS NULL OR locked_at < '2017-05-22 09:30:01.609848') OR locked_by = 'host:Lelands-MBP.attlocal.net pid:35934') AND failed_at IS NULL)  ORDER BY priority ASC, run_at ASC LIMIT 1 FOR UPDATE) RETURNING *[0m
  [1m[35mDelayed::Backend::ActiveRecord::Job Load (0.8ms)[0m  UPDATE "delayed_jobs" SET locked_at = '2017-05-22 13:30:06.699021', locked_by = 'host:Lelands-MBP.attlocal.net pid:35934' WHERE id IN (SELECT  "delayed_jobs"."id" FROM "delayed_jobs" WHERE ((run_at <= '2017-05-22 13:30:06.698373' AND (locked_at IS NULL OR locked_at < '2017-05-22 09:30:06.698393') OR locked_by = 'host:Lelands-MBP.attlocal.net pid:35934') AND failed_at IS NULL)  ORDER BY priority ASC, run_at ASC LIMIT 1 FOR UPDATE) RETURNING *
  [1m[36mDelayed::Backend::ActiveRecord::Job Load (0.8ms)[0m  [1mUPDATE "delayed_jobs" SET locked_at = '2017-05-22 13:30:11.798511', locked_by = 'host:Lelands-MBP.attlocal.net pid:35934' WHERE id IN (SELECT  "delayed_jobs"."id" FROM "delayed_jobs" WHERE ((run_at <= '2017-05-22 13:30:11.797795' AND (locked_at IS NULL OR locked_at < '2017-05-22 09:30:11.797817') OR locked_by = 'host:Lelands-MBP.attlocal.net pid:35934') AND failed_at IS NULL)  ORDER BY priority ASC, run_at ASC LIMIT 1 FOR UPDATE) RETURNING *[0m
  [1m[35mDelayed::Backend::ActiveRecord::Job Load (0.8ms)[0m  UPDATE "delayed_jobs" SET locked_at = '2017-05-22 13:30:16.887483', locked_by = 'host:Lelands-MBP.attlocal.net pid:35934' WHERE id IN (SELECT  "delayed_jobs"."id" FROM "delayed_jobs" WHERE ((run_at <= '2017-05-22 13:30:16.886759' AND (locked_at IS NULL OR locked_at < '2017-05-22 09:30:16.886779') OR locked_by = 'host:Lelands-MBP.attlocal.net pid:35934') AND failed_at IS NULL)  ORDER BY priority ASC, run_at ASC LIMIT 1 FOR UPDATE) RETURNING *
  [1m[36mDelayed::Backend::ActiveRecord::Job Load (2.7ms)[0m  [1mUPDATE "delayed_jobs" SET locked_at = '2017-05-22 13:30:21.975507', locked_by = 'host:Lelands-MBP.attlocal.net pid:35934' WHERE id IN (SELECT  "delayed_jobs"."id" FROM "delayed_jobs" WHERE ((run_at <= '2017-05-22 13:30:21.974812' AND (locked_at IS NULL OR locked_at < '2017-05-22 09:30:21.974834') OR locked_by = 'host:Lelands-MBP.attlocal.net pid:35934') AND failed_at IS NULL)  ORDER BY priority ASC, run_at ASC LIMIT 1 FOR UPDATE) RETURNING *[0m
  [1m[35mUser Load (0.3ms)[0m  SELECT  "users".* FROM "users" WHERE "users"."id" = $1 LIMIT 1  [["id", 1]]
2017-05-22T09:30:21-0400: [Worker(host:Lelands-MBP.attlocal.net pid:35934)] Job UserMailer.signup_email (id=1) RUNNING
  Rendered user_mailer/signup_email.html.erb (2.7ms)

UserMailer#signup_email: processed outbound mail in 16.2ms
2017-05-22T09:30:22-0400: [Worker(host:Lelands-MBP.attlocal.net pid:35934)] Job UserMailer.signup_email (id=1) FAILED (2 prior attempts) with ActionView::Template::Error: undefined method `encoding' for {:host=>"localhost:3000"}:Hash
  [1m[36m (0.3ms)[0m  [1mBEGIN[0m
  [1m[35mSQL (0.4ms)[0m  UPDATE "delayed_jobs" SET "attempts" = $1, "run_at" = $2, "locked_at" = $3, "locked_by" = $4, "updated_at" = $5 WHERE "delayed_jobs"."id" = $6  [["attempts", 3], ["run_at", "2017-05-22 13:31:48.006845"], ["locked_at", nil], ["locked_by", nil], ["updated_at", "2017-05-22 13:30:22.007621"], ["id", 1]]
  [1m[36m (0.3ms)[0m  [1mCOMMIT[0m
  [1m[35mDelayed::Backend::ActiveRecord::Job Load (0.8ms)[0m  UPDATE "delayed_jobs" SET locked_at = '2017-05-22 13:30:22.009578', locked_by = 'host:Lelands-MBP.attlocal.net pid:35934' WHERE id IN (SELECT  "delayed_jobs"."id" FROM "delayed_jobs" WHERE ((run_at <= '2017-05-22 13:30:22.009336' AND (locked_at IS NULL OR locked_at < '2017-05-22 09:30:22.009345') OR locked_by = 'host:Lelands-MBP.attlocal.net pid:35934') AND failed_at IS NULL)  ORDER BY priority ASC, run_at ASC LIMIT 1 FOR UPDATE) RETURNING *
2017-05-22T09:30:22-0400: [Worker(host:Lelands-MBP.attlocal.net pid:35934)] 1 jobs processed at 27.8025 j/s, 1 failed
  [1m[36mDelayed::Backend::ActiveRecord::Job Load (0.7ms)[0m  [1mUPDATE "delayed_jobs" SET locked_at = '2017-05-22 13:30:22.010945', locked_by = 'host:Lelands-MBP.attlocal.net pid:35934' WHERE id IN (SELECT  "delayed_jobs"."id" FROM "delayed_jobs" WHERE ((run_at <= '2017-05-22 13:30:22.010793' AND (locked_at IS NULL OR locked_at < '2017-05-22 09:30:22.010801') OR locked_by = 'host:Lelands-MBP.attlocal.net pid:35934') AND failed_at IS NULL)  ORDER BY priority ASC, run_at ASC LIMIT 1 FOR UPDATE) RETURNING *[0m
  [1m[35mDelayed::Backend::ActiveRecord::Job Load (0.8ms)[0m  UPDATE "delayed_jobs" SET locked_at = '2017-05-22 13:30:27.124793', locked_by = 'host:Lelands-MBP.attlocal.net pid:35934' WHERE id IN (SELECT  "delayed_jobs"."id" FROM "delayed_jobs" WHERE ((run_at <= '2017-05-22 13:30:27.124121' AND (locked_at IS NULL OR locked_at < '2017-05-22 09:30:27.124144') OR locked_by = 'host:Lelands-MBP.attlocal.net pid:35934') AND failed_at IS NULL)  ORDER BY priority ASC, run_at ASC LIMIT 1 FOR UPDATE) RETURNING *
  [1m[36mDelayed::Backend::ActiveRecord::Job Load (0.8ms)[0m  [1mUPDATE "delayed_jobs" SET locked_at = '2017-05-22 13:30:32.218929', locked_by = 'host:Lelands-MBP.attlocal.net pid:35934' WHERE id IN (SELECT  "delayed_jobs"."id" FROM "delayed_jobs" WHERE ((run_at <= '2017-05-22 13:30:32.218161' AND (locked_at IS NULL OR locked_at < '2017-05-22 09:30:32.218192') OR locked_by = 'host:Lelands-MBP.attlocal.net pid:35934') AND failed_at IS NULL)  ORDER BY priority ASC, run_at ASC LIMIT 1 FOR UPDATE) RETURNING *[0m
  [1m[35mDelayed::Backend::ActiveRecord::Job Load (0.8ms)[0m  UPDATE "delayed_jobs" SET locked_at = '2017-05-22 13:30:37.317751', locked_by = 'host:Lelands-MBP.attlocal.net pid:35934' WHERE id IN (SELECT  "delayed_jobs"."id" FROM "delayed_jobs" WHERE ((run_at <= '2017-05-22 13:30:37.316882' AND (locked_at IS NULL OR locked_at < '2017-05-22 09:30:37.316903') OR locked_by = 'host:Lelands-MBP.attlocal.net pid:35934') AND failed_at IS NULL)  ORDER BY priority ASC, run_at ASC LIMIT 1 FOR UPDATE) RETURNING *
  [1m[36mDelayed::Backend::ActiveRecord::Job Load (0.8ms)[0m  [1mUPDATE "delayed_jobs" SET locked_at = '2017-05-22 13:30:42.420942', locked_by = 'host:Lelands-MBP.attlocal.net pid:35934' WHERE id IN (SELECT  "delayed_jobs"."id" FROM "delayed_jobs" WHERE ((run_at <= '2017-05-22 13:30:42.420279' AND (locked_at IS NULL OR locked_at < '2017-05-22 09:30:42.420300') OR locked_by = 'host:Lelands-MBP.attlocal.net pid:35934') AND failed_at IS NULL)  ORDER BY priority ASC, run_at ASC LIMIT 1 FOR UPDATE) RETURNING *[0m
  [1m[35mDelayed::Backend::ActiveRecord::Job Load (0.8ms)[0m  UPDATE "delayed_jobs" SET locked_at = '2017-05-22 13:30:47.520934', locked_by = 'host:Lelands-MBP.attlocal.net pid:35934' WHERE id IN (SELECT  "delayed_jobs"."id" FROM "delayed_jobs" WHERE ((run_at <= '2017-05-22 13:30:47.520224' AND (locked_at IS NULL OR locked_at < '2017-05-22 09:30:47.520244') OR locked_by = 'host:Lelands-MBP.attlocal.net pid:35934') AND failed_at IS NULL)  ORDER BY priority ASC, run_at ASC LIMIT 1 FOR UPDATE) RETURNING *
  [1m[36mDelayed::Backend::ActiveRecord::Job Load (1.1ms)[0m  [1mUPDATE "delayed_jobs" SET locked_at = '2017-05-22 13:30:52.622444', locked_by = 'host:Lelands-MBP.attlocal.net pid:35934' WHERE id IN (SELECT  "delayed_jobs"."id" FROM "delayed_jobs" WHERE ((run_at <= '2017-05-22 13:30:52.621806' AND (locked_at IS NULL OR locked_at < '2017-05-22 09:30:52.621826') OR locked_by = 'host:Lelands-MBP.attlocal.net pid:35934') AND failed_at IS NULL)  ORDER BY priority ASC, run_at ASC LIMIT 1 FOR UPDATE) RETURNING *[0m
  [1m[35mDelayed::Backend::ActiveRecord::Job Load (0.8ms)[0m  UPDATE "delayed_jobs" SET locked_at = '2017-05-22 13:30:57.721683', locked_by = 'host:Lelands-MBP.attlocal.net pid:35934' WHERE id IN (SELECT  "delayed_jobs"."id" FROM "delayed_jobs" WHERE ((run_at <= '2017-05-22 13:30:57.720985' AND (locked_at IS NULL OR locked_at < '2017-05-22 09:30:57.721004') OR locked_by = 'host:Lelands-MBP.attlocal.net pid:35934') AND failed_at IS NULL)  ORDER BY priority ASC, run_at ASC LIMIT 1 FOR UPDATE) RETURNING *
  [1m[36mDelayed::Backend::ActiveRecord::Job Load (0.8ms)[0m  [1mUPDATE "delayed_jobs" SET locked_at = '2017-05-22 13:31:02.821802', locked_by = 'host:Lelands-MBP.attlocal.net pid:35934' WHERE id IN (SELECT  "delayed_jobs"."id" FROM "delayed_jobs" WHERE ((run_at <= '2017-05-22 13:31:02.821120' AND (locked_at IS NULL OR locked_at < '2017-05-22 09:31:02.821141') OR locked_by = 'host:Lelands-MBP.attlocal.net pid:35934') AND failed_at IS NULL)  ORDER BY priority ASC, run_at ASC LIMIT 1 FOR UPDATE) RETURNING *[0m
  [1m[35mDelayed::Backend::ActiveRecord::Job Load (0.8ms)[0m  UPDATE "delayed_jobs" SET locked_at = '2017-05-22 13:31:07.908833', locked_by = 'host:Lelands-MBP.attlocal.net pid:35934' WHERE id IN (SELECT  "delayed_jobs"."id" FROM "delayed_jobs" WHERE ((run_at <= '2017-05-22 13:31:07.908091' AND (locked_at IS NULL OR locked_at < '2017-05-22 09:31:07.908112') OR locked_by = 'host:Lelands-MBP.attlocal.net pid:35934') AND failed_at IS NULL)  ORDER BY priority ASC, run_at ASC LIMIT 1 FOR UPDATE) RETURNING *
  [1m[36mDelayed::Backend::ActiveRecord::Job Load (0.8ms)[0m  [1mUPDATE "delayed_jobs" SET locked_at = '2017-05-22 13:31:13.006691', locked_by = 'host:Lelands-MBP.attlocal.net pid:35934' WHERE id IN (SELECT  "delayed_jobs"."id" FROM "delayed_jobs" WHERE ((run_at <= '2017-05-22 13:31:13.005987' AND (locked_at IS NULL OR locked_at < '2017-05-22 09:31:13.006006') OR locked_by = 'host:Lelands-MBP.attlocal.net pid:35934') AND failed_at IS NULL)  ORDER BY priority ASC, run_at ASC LIMIT 1 FOR UPDATE) RETURNING *[0m
  [1m[35mDelayed::Backend::ActiveRecord::Job Load (0.7ms)[0m  UPDATE "delayed_jobs" SET locked_at = '2017-05-22 13:31:18.107406', locked_by = 'host:Lelands-MBP.attlocal.net pid:35934' WHERE id IN (SELECT  "delayed_jobs"."id" FROM "delayed_jobs" WHERE ((run_at <= '2017-05-22 13:31:18.106795' AND (locked_at IS NULL OR locked_at < '2017-05-22 09:31:18.106814') OR locked_by = 'host:Lelands-MBP.attlocal.net pid:35934') AND failed_at IS NULL)  ORDER BY priority ASC, run_at ASC LIMIT 1 FOR UPDATE) RETURNING *
  [1m[36mDelayed::Backend::ActiveRecord::Job Load (0.8ms)[0m  [1mUPDATE "delayed_jobs" SET locked_at = '2017-05-22 13:31:23.210147', locked_by = 'host:Lelands-MBP.attlocal.net pid:35934' WHERE id IN (SELECT  "delayed_jobs"."id" FROM "delayed_jobs" WHERE ((run_at <= '2017-05-22 13:31:23.209458' AND (locked_at IS NULL OR locked_at < '2017-05-22 09:31:23.209478') OR locked_by = 'host:Lelands-MBP.attlocal.net pid:35934') AND failed_at IS NULL)  ORDER BY priority ASC, run_at ASC LIMIT 1 FOR UPDATE) RETURNING *[0m
  [1m[35mDelayed::Backend::ActiveRecord::Job Load (0.8ms)[0m  UPDATE "delayed_jobs" SET locked_at = '2017-05-22 13:31:28.314883', locked_by = 'host:Lelands-MBP.attlocal.net pid:35934' WHERE id IN (SELECT  "delayed_jobs"."id" FROM "delayed_jobs" WHERE ((run_at <= '2017-05-22 13:31:28.314249' AND (locked_at IS NULL OR locked_at < '2017-05-22 09:31:28.314269') OR locked_by = 'host:Lelands-MBP.attlocal.net pid:35934') AND failed_at IS NULL)  ORDER BY priority ASC, run_at ASC LIMIT 1 FOR UPDATE) RETURNING *
  [1m[36mDelayed::Backend::ActiveRecord::Job Load (0.8ms)[0m  [1mUPDATE "delayed_jobs" SET locked_at = '2017-05-22 13:31:33.418574', locked_by = 'host:Lelands-MBP.attlocal.net pid:35934' WHERE id IN (SELECT  "delayed_jobs"."id" FROM "delayed_jobs" WHERE ((run_at <= '2017-05-22 13:31:33.417910' AND (locked_at IS NULL OR locked_at < '2017-05-22 09:31:33.417931') OR locked_by = 'host:Lelands-MBP.attlocal.net pid:35934') AND failed_at IS NULL)  ORDER BY priority ASC, run_at ASC LIMIT 1 FOR UPDATE) RETURNING *[0m
  [1m[35mDelayed::Backend::ActiveRecord::Job Load (0.8ms)[0m  UPDATE "delayed_jobs" SET locked_at = '2017-05-22 13:31:38.524814', locked_by = 'host:Lelands-MBP.attlocal.net pid:35934' WHERE id IN (SELECT  "delayed_jobs"."id" FROM "delayed_jobs" WHERE ((run_at <= '2017-05-22 13:31:38.524061' AND (locked_at IS NULL OR locked_at < '2017-05-22 09:31:38.524081') OR locked_by = 'host:Lelands-MBP.attlocal.net pid:35934') AND failed_at IS NULL)  ORDER BY priority ASC, run_at ASC LIMIT 1 FOR UPDATE) RETURNING *
  [1m[36mDelayed::Backend::ActiveRecord::Job Load (0.8ms)[0m  [1mUPDATE "delayed_jobs" SET locked_at = '2017-05-22 13:31:43.638668', locked_by = 'host:Lelands-MBP.attlocal.net pid:35934' WHERE id IN (SELECT  "delayed_jobs"."id" FROM "delayed_jobs" WHERE ((run_at <= '2017-05-22 13:31:43.638006' AND (locked_at IS NULL OR locked_at < '2017-05-22 09:31:43.638026') OR locked_by = 'host:Lelands-MBP.attlocal.net pid:35934') AND failed_at IS NULL)  ORDER BY priority ASC, run_at ASC LIMIT 1 FOR UPDATE) RETURNING *[0m
  [1m[35mDelayed::Backend::ActiveRecord::Job Load (2.9ms)[0m  UPDATE "delayed_jobs" SET locked_at = '2017-05-22 13:31:48.744544', locked_by = 'host:Lelands-MBP.attlocal.net pid:35934' WHERE id IN (SELECT  "delayed_jobs"."id" FROM "delayed_jobs" WHERE ((run_at <= '2017-05-22 13:31:48.743865' AND (locked_at IS NULL OR locked_at < '2017-05-22 09:31:48.743887') OR locked_by = 'host:Lelands-MBP.attlocal.net pid:35934') AND failed_at IS NULL)  ORDER BY priority ASC, run_at ASC LIMIT 1 FOR UPDATE) RETURNING *
  [1m[36mUser Load (0.4ms)[0m  [1mSELECT  "users".* FROM "users" WHERE "users"."id" = $1 LIMIT 1[0m  [["id", 1]]
2017-05-22T09:31:48-0400: [Worker(host:Lelands-MBP.attlocal.net pid:35934)] Job UserMailer.signup_email (id=1) RUNNING
  Rendered user_mailer/signup_email.html.erb (2.9ms)

UserMailer#signup_email: processed outbound mail in 16.8ms
2017-05-22T09:31:48-0400: [Worker(host:Lelands-MBP.attlocal.net pid:35934)] Job UserMailer.signup_email (id=1) FAILED (3 prior attempts) with ActionView::Template::Error: undefined method `encoding' for {:host=>"localhost:3000"}:Hash
  [1m[35m (0.2ms)[0m  BEGIN
  [1m[36mSQL (0.5ms)[0m  [1mUPDATE "delayed_jobs" SET "attempts" = $1, "run_at" = $2, "locked_at" = $3, "locked_by" = $4, "updated_at" = $5 WHERE "delayed_jobs"."id" = $6[0m  [["attempts", 4], ["run_at", "2017-05-22 13:36:09.777482"], ["locked_at", nil], ["locked_by", nil], ["updated_at", "2017-05-22 13:31:48.778103"], ["id", 1]]
  [1m[35m (0.3ms)[0m  COMMIT
  [1m[36mDelayed::Backend::ActiveRecord::Job Load (0.8ms)[0m  [1mUPDATE "delayed_jobs" SET locked_at = '2017-05-22 13:31:48.780286', locked_by = 'host:Lelands-MBP.attlocal.net pid:35934' WHERE id IN (SELECT  "delayed_jobs"."id" FROM "delayed_jobs" WHERE ((run_at <= '2017-05-22 13:31:48.780024' AND (locked_at IS NULL OR locked_at < '2017-05-22 09:31:48.780033') OR locked_by = 'host:Lelands-MBP.attlocal.net pid:35934') AND failed_at IS NULL)  ORDER BY priority ASC, run_at ASC LIMIT 1 FOR UPDATE) RETURNING *[0m
2017-05-22T09:31:48-0400: [Worker(host:Lelands-MBP.attlocal.net pid:35934)] 1 jobs processed at 26.4831 j/s, 1 failed
  [1m[35mDelayed::Backend::ActiveRecord::Job Load (0.7ms)[0m  UPDATE "delayed_jobs" SET locked_at = '2017-05-22 13:31:48.781793', locked_by = 'host:Lelands-MBP.attlocal.net pid:35934' WHERE id IN (SELECT  "delayed_jobs"."id" FROM "delayed_jobs" WHERE ((run_at <= '2017-05-22 13:31:48.781646' AND (locked_at IS NULL OR locked_at < '2017-05-22 09:31:48.781653') OR locked_by = 'host:Lelands-MBP.attlocal.net pid:35934') AND failed_at IS NULL)  ORDER BY priority ASC, run_at ASC LIMIT 1 FOR UPDATE) RETURNING *
  [1m[36mDelayed::Backend::ActiveRecord::Job Load (0.8ms)[0m  [1mUPDATE "delayed_jobs" SET locked_at = '2017-05-22 13:31:53.893231', locked_by = 'host:Lelands-MBP.attlocal.net pid:35934' WHERE id IN (SELECT  "delayed_jobs"."id" FROM "delayed_jobs" WHERE ((run_at <= '2017-05-22 13:31:53.892533' AND (locked_at IS NULL OR locked_at < '2017-05-22 09:31:53.892553') OR locked_by = 'host:Lelands-MBP.attlocal.net pid:35934') AND failed_at IS NULL)  ORDER BY priority ASC, run_at ASC LIMIT 1 FOR UPDATE) RETURNING *[0m
2017-05-22T09:31:53-0400: [Worker(host:Lelands-MBP.attlocal.net pid:35934)] Exiting...
2017-05-22T09:31:54-0400: [Worker(host:Lelands-MBP.attlocal.net pid:35934)] Exiting...
2017-05-22T09:31:55-0400: [Worker(host:Lelands-MBP.attlocal.net pid:35934)] Exiting...
2017-05-22T09:31:55-0400: [Worker(host:Lelands-MBP.attlocal.net pid:35934)] Exiting...
2017-05-22T09:31:55-0400: [Worker(host:Lelands-MBP.attlocal.net pid:35934)] Exiting...
  [1m[35mSQL (0.3ms)[0m  UPDATE "delayed_jobs" SET "locked_by" = NULL, "locked_at" = NULL WHERE "delayed_jobs"."locked_by" = $1  [["locked_by", "host:Lelands-MBP.attlocal.net pid:35934"]]
  [1m[36mUser Load (0.6ms)[0m  [1mSELECT "users".* FROM "users"[0m
  [1m[35m (0.3ms)[0m  SELECT COUNT(*) FROM "users" WHERE "users"."referrer_id" = $1  [["referrer_id", 1]]
  [1m[36m (0.2ms)[0m  [1mSELECT COUNT(*) FROM "users" WHERE "users"."referrer_id" = $1[0m  [["referrer_id", 1]]
  [1m[35m (0.2ms)[0m  SELECT COUNT(*) FROM "users" WHERE "users"."referrer_id" = $1  [["referrer_id", 1]]
  [1m[36m (0.2ms)[0m  [1mSELECT COUNT(*) FROM "users" WHERE "users"."referrer_id" = $1[0m  [["referrer_id", 1]]
